0 info it worked if it ends with ok
1 verbose cli [ 'C:\\Program Files\\nodejs\\node.exe',
1 verbose cli   'C:\\Program Files\\nodejs\\node_modules\\npm\\bin\\npm-cli.js',
1 verbose cli   'install',
1 verbose cli   'mixitup' ]
2 info using npm@2.14.12
3 info using node@v4.2.6
4 verbose install initial load of D:\Projects\LP\package.json
5 warn package.json LandingPage@ No description
6 warn package.json LandingPage@ No repository field.
7 warn package.json LandingPage@ No README data
8 warn package.json LandingPage@ No license field.
9 verbose installManyTop reading scoped package data from D:\Projects\LP\node_modules\bootstrap\package.json
10 verbose installManyTop reading scoped package data from D:\Projects\LP\node_modules\browser-sync\package.json
11 verbose installManyTop reading scoped package data from D:\Projects\LP\node_modules\gulp\package.json
12 verbose installManyTop reading scoped package data from D:\Projects\LP\node_modules\gulp-sass\package.json
13 verbose installManyTop reading scoped package data from D:\Projects\LP\node_modules\jquery\package.json
14 verbose readDependencies loading dependencies from D:\Projects\LP\package.json
15 silly cache add args [ 'mixitup', null ]
16 verbose cache add spec mixitup
17 silly cache add parsed spec Result {
17 silly cache add   raw: 'mixitup',
17 silly cache add   scope: null,
17 silly cache add   name: 'mixitup',
17 silly cache add   rawSpec: '',
17 silly cache add   spec: 'latest',
17 silly cache add   type: 'tag' }
18 silly addNamed mixitup@latest
19 verbose addNamed "latest" is being treated as a dist-tag for mixitup
20 info addNameTag [ 'mixitup', 'latest' ]
21 silly mapToRegistry name mixitup
22 silly mapToRegistry using default registry
23 silly mapToRegistry registry https://registry.npmjs.org/
24 silly mapToRegistry uri https://registry.npmjs.org/mixitup
25 verbose addNameTag registry:https://registry.npmjs.org/mixitup not in flight; fetching
26 verbose request uri https://registry.npmjs.org/mixitup
27 verbose request no auth needed
28 info attempt registry request try #1 at 10:06:43
29 verbose request id 0f647fff53ef1936
30 http request GET https://registry.npmjs.org/mixitup
31 http 404 https://registry.npmjs.org/mixitup
32 verbose headers { 'content-type': 'application/json',
32 verbose headers   'cache-control': 'max-age=0',
32 verbose headers   'content-length': '2',
32 verbose headers   'accept-ranges': 'bytes',
32 verbose headers   date: 'Fri, 13 May 2016 07:06:39 GMT',
32 verbose headers   via: '1.1 varnish',
32 verbose headers   age: '0',
32 verbose headers   connection: 'keep-alive',
32 verbose headers   'x-served-by': 'cache-fra1226-FRA',
32 verbose headers   'x-cache': 'MISS',
32 verbose headers   'x-cache-hits': '0',
32 verbose headers   'x-timer': 'S1463123199.760591,VS0,VE191',
32 verbose headers   vary: 'Accept-Encoding' }
33 silly get cb [ 404,
33 silly get   { 'content-type': 'application/json',
33 silly get     'cache-control': 'max-age=0',
33 silly get     'content-length': '2',
33 silly get     'accept-ranges': 'bytes',
33 silly get     date: 'Fri, 13 May 2016 07:06:39 GMT',
33 silly get     via: '1.1 varnish',
33 silly get     age: '0',
33 silly get     connection: 'keep-alive',
33 silly get     'x-served-by': 'cache-fra1226-FRA',
33 silly get     'x-cache': 'MISS',
33 silly get     'x-cache-hits': '0',
33 silly get     'x-timer': 'S1463123199.760591,VS0,VE191',
33 silly get     vary: 'Accept-Encoding' } ]
34 verbose stack Error: Registry returned 404 for GET on https://registry.npmjs.org/mixitup
34 verbose stack     at makeError (C:\Program Files\nodejs\node_modules\npm\node_modules\npm-registry-client\lib\request.js:264:12)
34 verbose stack     at CachingRegistryClient.<anonymous> (C:\Program Files\nodejs\node_modules\npm\node_modules\npm-registry-client\lib\request.js:242:14)
34 verbose stack     at Request._callback (C:\Program Files\nodejs\node_modules\npm\node_modules\npm-registry-client\lib\request.js:172:14)
34 verbose stack     at Request.self.callback (C:\Program Files\nodejs\node_modules\npm\node_modules\request\request.js:198:22)
34 verbose stack     at emitTwo (events.js:87:13)
34 verbose stack     at Request.emit (events.js:172:7)
34 verbose stack     at Request.<anonymous> (C:\Program Files\nodejs\node_modules\npm\node_modules\request\request.js:1082:10)
34 verbose stack     at emitOne (events.js:82:20)
34 verbose stack     at Request.emit (events.js:169:7)
34 verbose stack     at IncomingMessage.<anonymous> (C:\Program Files\nodejs\node_modules\npm\node_modules\request\request.js:1009:12)
35 verbose statusCode 404
36 verbose pkgid mixitup
37 verbose cwd D:\Projects\LP
38 error Windows_NT 6.1.7600
39 error argv "C:\\Program Files\\nodejs\\node.exe" "C:\\Program Files\\nodejs\\node_modules\\npm\\bin\\npm-cli.js" "install" "mixitup"
40 error node v4.2.6
41 error npm  v2.14.12
42 error code E404
43 error 404 Registry returned 404 for GET on https://registry.npmjs.org/mixitup
43 error 404
43 error 404 'mixitup' is not in the npm registry.
43 error 404 You should bug the author to publish it (or use the name yourself!)
43 error 404 It was specified as a dependency of 'LandingPage'
43 error 404
43 error 404 Note that you can also install from a
43 error 404 tarball, folder, http url, or git url.
44 verbose exit [ 1, true ]
